
DESKTOP-AOTCGQL	Tue Apr 20 16:57:48 2021
	Shutting down the server with 1 active connection(s) to 1 database(s), 0 active service(s)


DESKTOP-AOTCGQL	Tue Apr 20 17:28:13 2021
	Shutting down the server with 1 active connection(s) to 1 database(s), 0 active service(s)


DESKTOP-AOTCGQL	Tue Apr 20 17:41:38 2021
	Shutting down the server with 1 active connection(s) to 1 database(s), 0 active service(s)


DESKTOP-AOTCGQL	Thu Apr 22 14:39:19 2021
	Shutting down the server with 1 active connection(s) to 1 database(s), 0 active service(s)


DESKTOP-AOTCGQL	Thu Apr 22 14:55:30 2021
	Shutting down the server with 1 active connection(s) to 1 database(s), 0 active service(s)


DESKTOP-AOTCGQL	Thu Apr 22 14:56:27 2021
	Shutting down the server with 1 active connection(s) to 1 database(s), 0 active service(s)


DESKTOP-AOTCGQL	Thu Apr 22 15:59:52 2021
	Shutting down the server with 1 active connection(s) to 1 database(s), 0 active service(s)


DESKTOP-AOTCGQL	Thu Apr 22 16:05:42 2021
	Shutting down the server with 1 active connection(s) to 1 database(s), 0 active service(s)


DESKTOP-AOTCGQL	Thu Apr 22 16:07:02 2021
	Shutting down the server with 1 active connection(s) to 1 database(s), 0 active service(s)


DESKTOP-AOTCGQL	Thu Apr 22 16:08:01 2021
	Shutting down the server with 1 active connection(s) to 1 database(s), 0 active service(s)


DESKTOP-AOTCGQL	Thu Apr 22 16:09:49 2021
	Shutting down the server with 1 active connection(s) to 1 database(s), 0 active service(s)


DESKTOP-AOTCGQL	Fri Apr 23 15:49:25 2021
	Shutting down the server with 1 active connection(s) to 1 database(s), 0 active service(s)


DESKTOP-AOTCGQL	Tue May 04 11:11:42 2021
	Shutting down the server with 1 active connection(s) to 1 database(s), 0 active service(s)


DESKTOP-AOTCGQL	Tue May 04 11:30:08 2021
	Shutting down the server with 1 active connection(s) to 1 database(s), 0 active service(s)


DESKTOP-AOTCGQL	Tue May 04 15:01:30 2021
	Shutting down the server with 1 active connection(s) to 1 database(s), 0 active service(s)


DESKTOP-AOTCGQL	Tue May 04 16:28:22 2021
	Shutting down the server with 1 active connection(s) to 1 database(s), 0 active service(s)


DESKTOP-AOTCGQL	Fri May 07 00:01:10 2021
	Shutting down the server with 1 active connection(s) to 1 database(s), 0 active service(s)


DESKTOP-AOTCGQL	Fri May 07 00:05:24 2021
	Shutting down the server with 1 active connection(s) to 1 database(s), 0 active service(s)


DESKTOP-AOTCGQL	Fri May 07 00:29:20 2021
	Shutting down the server with 1 active connection(s) to 1 database(s), 0 active service(s)


DESKTOP-AOTCGQL	Fri May 07 00:31:19 2021
	Shutting down the server with 1 active connection(s) to 1 database(s), 0 active service(s)


DESKTOP-AOTCGQL	Fri May 07 00:33:21 2021
	Shutting down the server with 1 active connection(s) to 1 database(s), 0 active service(s)


DESKTOP-AOTCGQL	Fri May 07 00:35:38 2021
	Shutting down the server with 1 active connection(s) to 1 database(s), 0 active service(s)


DESKTOP-AOTCGQL	Fri May 07 00:38:54 2021
	Shutting down the server with 1 active connection(s) to 1 database(s), 0 active service(s)


DESKTOP-AOTCGQL	Fri May 07 00:44:27 2021
	Shutting down the server with 1 active connection(s) to 1 database(s), 0 active service(s)


DESKTOP-AOTCGQL	Fri May 07 00:46:07 2021
	Shutting down the server with 1 active connection(s) to 1 database(s), 0 active service(s)


DESKTOP-AOTCGQL	Fri May 07 00:51:49 2021
	Shutting down the server with 1 active connection(s) to 1 database(s), 0 active service(s)


DESKTOP-AOTCGQL	Fri May 07 00:54:48 2021
	Shutting down the server with 1 active connection(s) to 1 database(s), 0 active service(s)


DESKTOP-AOTCGQL	Fri May 07 00:55:33 2021
	Shutting down the server with 1 active connection(s) to 1 database(s), 0 active service(s)


DESKTOP-AOTCGQL	Fri May 07 00:56:07 2021
	Shutting down the server with 1 active connection(s) to 1 database(s), 0 active service(s)


DESKTOP-AOTCGQL	Fri May 07 00:57:01 2021
	Shutting down the server with 1 active connection(s) to 1 database(s), 0 active service(s)


DESKTOP-AOTCGQL	Fri May 07 00:58:08 2021
	Shutting down the server with 1 active connection(s) to 1 database(s), 0 active service(s)


DESKTOP-AOTCGQL	Fri May 07 00:59:20 2021
	Shutting down the server with 1 active connection(s) to 1 database(s), 0 active service(s)


DESKTOP-AOTCGQL	Fri May 07 01:00:06 2021
	Shutting down the server with 1 active connection(s) to 1 database(s), 0 active service(s)


DESKTOP-AOTCGQL	Fri May 07 01:00:47 2021
	Shutting down the server with 1 active connection(s) to 1 database(s), 0 active service(s)


DESKTOP-AOTCGQL	Fri May 07 01:02:00 2021
	Shutting down the server with 1 active connection(s) to 1 database(s), 0 active service(s)


DESKTOP-AOTCGQL	Fri May 07 01:03:05 2021
	Shutting down the server with 1 active connection(s) to 1 database(s), 0 active service(s)


DESKTOP-AOTCGQL	Fri May 07 01:04:53 2021
	Shutting down the server with 1 active connection(s) to 1 database(s), 0 active service(s)


DESKTOP-AOTCGQL	Fri May 07 01:10:02 2021
	Shutting down the server with 1 active connection(s) to 1 database(s), 0 active service(s)


DESKTOP-AOTCGQL	Fri May 07 01:16:05 2021
	Shutting down the server with 1 active connection(s) to 1 database(s), 0 active service(s)

